<?xml version="1.0" encoding="UTF-8"?>
<testng-results skipped="0" failed="0" ignored="0" total="1" passed="1">
  <reporter-output>
  </reporter-output>
  <suite name="Default suite" duration-ms="717" started-at="2022-05-04T17:33:42 IST" finished-at="2022-05-04T17:33:43 IST">
    <groups>
      <group name="cucumber">
        <method signature="AbstractTestNGCucumberTests.runScenario(io.cucumber.testng.PickleWrapper, io.cucumber.testng.FeatureWrapper)[pri:0, instance:cucumberOptions.TestNG_TestRunner@1e965684]" name="runScenario" class="io.cucumber.testng.AbstractTestNGCucumberTests"/>
      </group> <!-- cucumber -->
    </groups>
    <test name="Default test" duration-ms="717" started-at="2022-05-04T17:33:42 IST" finished-at="2022-05-04T17:33:43 IST">
      <class name="cucumberOptions.TestNG_TestRunner">
        <test-method status="PASS" signature="setUpClass()[pri:0, instance:cucumberOptions.TestNG_TestRunner@1e965684]" name="setUpClass" is-config="true" duration-ms="444" started-at="2022-05-04T17:33:42 IST" finished-at="2022-05-04T17:33:43 IST">
          <reporter-output>
          </reporter-output>
        </test-method> <!-- setUpClass -->
        <test-method status="PASS" signature="runScenario(io.cucumber.testng.PickleWrapper, io.cucumber.testng.FeatureWrapper)[pri:0, instance:cucumberOptions.TestNG_TestRunner@1e965684]" name="runScenario" duration-ms="193" started-at="2022-05-04T17:33:43 IST" description="Runs Cucumber Scenarios" data-provider="scenarios" finished-at="2022-05-04T17:33:43 IST">
          <params>
            <param index="0">
              <value>
                <![CDATA["Home page default login"]]>
              </value>
            </param>
            <param index="1">
              <value>
                <![CDATA["Optional[Application login]"]]>
              </value>
            </param>
          </params>
          <reporter-output>
          </reporter-output>
        </test-method> <!-- runScenario -->
        <test-method status="PASS" signature="tearDownClass()[pri:0, instance:cucumberOptions.TestNG_TestRunner@1e965684]" name="tearDownClass" is-config="true" duration-ms="16" started-at="2022-05-04T17:33:43 IST" finished-at="2022-05-04T17:33:43 IST">
          <reporter-output>
          </reporter-output>
        </test-method> <!-- tearDownClass -->
      </class> <!-- cucumberOptions.TestNG_TestRunner -->
    </test> <!-- Default test -->
  </suite> <!-- Default suite -->
</testng-results>
